<testsuites name="data-sketches"><testsuite name="Auxiliary" package="Auxiliary" id="0" time="0.000240290" timestamp="2026-02-23T12:41:32.960930006Z" hostname="localhost" tests="2" failures="0" errors="0" skipped="0"><properties/><testcase name="mergeSortIn works. hra=LowRanksAreAccurate" classname="Auxiliary" time="0.000083613"/><testcase name="mergeSortIn works. hra=HighRanksAreAccurate" classname="Auxiliary" time="0.000156677"/></testsuite><testsuite name="BugFix/Bug fix: growUntil in merge didn&#39;t loop" package="BugFix/Bug fix: growUntil in merge didn&#39;t loop" id="1" time="0.022779038" timestamp="2026-02-23T12:41:32.960930006Z" hostname="localhost" tests="2" failures="0" errors="0" skipped="0"><properties/><testcase name="merge sketch with 4+ levels into 1-level sketch" classname="BugFix/Bug fix: growUntil in merge didn&#39;t loop" time="0.016762706"/><testcase name="merge into empty sketch preserves count from multi-level source" classname="BugFix/Bug fix: growUntil in merge didn&#39;t loop" time="0.006016332"/></testsuite><testsuite name="BugFix/Bug fix: max value comparison inverted in merge" package="BugFix/Bug fix: max value comparison inverted in merge" id="2" time="0.000725343" timestamp="2026-02-23T12:41:32.960930006Z" hostname="localhost" tests="3" failures="0" errors="0" skipped="0"><properties/><testcase name="merge with bug would have produced wrong max (both directions)" classname="BugFix/Bug fix: max value comparison inverted in merge" time="0.000081544"/><testcase name="merge does NOT update maximum when other has smaller max" classname="BugFix/Bug fix: max value comparison inverted in merge" time="0.000299426"/><testcase name="merge updates maximum when other has larger max" classname="BugFix/Bug fix: max value comparison inverted in merge" time="0.000344373"/></testsuite><testsuite name="BugFix/Bug fix: off-by-one in getCountWithCriterion (spaceAtBottom=False)" package="BugFix/Bug fix: off-by-one in getCountWithCriterion (spaceAtBottom=False)" id="3" time="0.000436185" timestamp="2026-02-23T12:41:32.960930006Z" hostname="localhost" tests="6" failures="0" errors="0" skipped="0"><properties/><testcase name="ranks are correct for known values with LowRanksAreAccurate" classname="BugFix/Bug fix: off-by-one in getCountWithCriterion (spaceAtBottom=False)" time="0.000041987"/><testcase name="rank of value below min is 0 with LowRanksAreAccurate" classname="BugFix/Bug fix: off-by-one in getCountWithCriterion (spaceAtBottom=False)" time="0.000257571"/><testcase name="rank of value above max is correct with LowRanksAreAccurate" classname="BugFix/Bug fix: off-by-one in getCountWithCriterion (spaceAtBottom=False)" time="0.000097860"/><testcase name="getCountWithCriterion at lower boundary (spaceAtBottom=False)" classname="BugFix/Bug fix: off-by-one in getCountWithCriterion (spaceAtBottom=False)" time="0.000010157"/><testcase name="getCountWithCriterion at upper boundary (spaceAtBottom=False)" classname="BugFix/Bug fix: off-by-one in getCountWithCriterion (spaceAtBottom=False)" time="0.000016613"/><testcase name="getCountWithCriterion reads only within active region (spaceAtBottom=False)" classname="BugFix/Bug fix: off-by-one in getCountWithCriterion (spaceAtBottom=False)" time="0.000011997"/></testsuite><testsuite name="Compactor" package="Compactor" id="4" time="0.000008332" timestamp="2026-02-23T12:41:32.960930006Z" hostname="localhost" tests="1" failures="0" errors="0" skipped="0"><properties/><testcase name="nearestEven behaves as expected" classname="Compactor" time="0.000008332"/></testsuite><testsuite name="CountMin/Count-Min Sketch" package="CountMin/Count-Min Sketch" id="5" time="0.006463390" timestamp="2026-02-23T12:41:32.960930006Z" hostname="localhost" tests="9" failures="0" errors="0" skipped="0"><properties/><testcase name="dimensions match epsilon and delta" classname="CountMin/Count-Min Sketch" time="0.000479283"/><testcase name="merge combines two sketches" classname="CountMin/Count-Min Sketch" time="0.001250237"/><testcase name="heavy hitter detection" classname="CountMin/Count-Min Sketch" time="0.000611759"/><testcase name="unseen items may return small positive values" classname="CountMin/Count-Min Sketch" time="0.000648087"/><testcase name="never undercounts" classname="CountMin/Count-Min Sketch" time="0.000087799"/><testcase name="insertN works correctly" classname="CountMin/Count-Min Sketch" time="0.000839176"/><testcase name="multiple inserts of same item are counted" classname="CountMin/Count-Min Sketch" time="0.000946167"/><testcase name="single insert returns at least 1" classname="CountMin/Count-Min Sketch" time="0.000757799"/><testcase name="empty sketch returns 0 for any item" classname="CountMin/Count-Min Sketch" time="0.000843083"/></testsuite><testsuite name="CrossValidation/KLL Sketch cross-validation with Java" package="CrossValidation/KLL Sketch cross-validation with Java" id="6" time="16.641932804" timestamp="2026-02-23T12:41:32.960930006Z" hostname="localhost" tests="3" failures="0" errors="0" skipped="0"><properties/><testcase name="KLL: estimation mode ranks are both valid approximations (k=200, 500 items)" classname="CrossValidation/KLL Sketch cross-validation with Java" time="6.549560213"/><testcase name="KLL: exact mode ranks match Java exactly (k=200, few items)" classname="CrossValidation/KLL Sketch cross-validation with Java" time="5.210784409"/><testcase name="KLL: exact mode count/min/max match Java exactly" classname="CrossValidation/KLL Sketch cross-validation with Java" time="4.881588182"/></testsuite><testsuite name="CrossValidation/REQ Sketch cross-validation with Java" package="CrossValidation/REQ Sketch cross-validation with Java" id="7" time="19.507011329" timestamp="2026-02-23T12:41:32.960930006Z" hostname="localhost" tests="4" failures="0" errors="0" skipped="0"><properties/><testcase name="REQ: estimation mode ranks are both valid approximations (k=6, 200 items)" classname="CrossValidation/REQ Sketch cross-validation with Java" time="5.150753022"/><testcase name="REQ: exact mode ranks match Java exactly (LowRanksAreAccurate, &lt;)" classname="CrossValidation/REQ Sketch cross-validation with Java" time="5.017185305"/><testcase name="REQ: exact mode ranks match Java exactly (HighRanksAreAccurate, &lt;)" classname="CrossValidation/REQ Sketch cross-validation with Java" time="4.938465613"/><testcase name="REQ: exact mode count/min/max match Java (HighRanksAreAccurate)" classname="CrossValidation/REQ Sketch cross-validation with Java" time="4.400607389"/></testsuite><testsuite name="DoubleBuffer/Merge Sort" package="DoubleBuffer/Merge Sort" id="8" time="0.000453393" timestamp="2026-02-23T12:41:32.960930006Z" hostname="localhost" tests="2" failures="0" errors="0" skipped="0"><properties/><testcase name="works downwards" classname="DoubleBuffer/Merge Sort" time="0.000126764"/><testcase name="works upwards" classname="DoubleBuffer/Merge Sort" time="0.000326629"/></testsuite><testsuite name="DoubleBuffer/checkAppendAndSpaceTop" package="DoubleBuffer/checkAppendAndSpaceTop" id="9" time="0.000069182" timestamp="2026-02-23T12:41:32.960930006Z" hostname="localhost" tests="2" failures="0" errors="0" skipped="0"><properties/><testcase name="works for spaceAtBottom=False" classname="DoubleBuffer/checkAppendAndSpaceTop" time="0.000008678"/><testcase name="works for spaceAtBottom=True" classname="DoubleBuffer/checkAppendAndSpaceTop" time="0.000060504"/></testsuite><testsuite name="DoubleBuffer/checkCountLessThanImpl" package="DoubleBuffer/checkCountLessThanImpl" id="10" time="0.000066201" timestamp="2026-02-23T12:41:32.960930006Z" hostname="localhost" tests="2" failures="0" errors="0" skipped="0"><properties/><testcase name="works for spaceAtBottom=False" classname="DoubleBuffer/checkCountLessThanImpl" time="0.000021366"/><testcase name="works for spaceAtBottom=True" classname="DoubleBuffer/checkCountLessThanImpl" time="0.000044835"/></testsuite><testsuite name="DoubleBuffer/checkEnsureCapacity" package="DoubleBuffer/checkEnsureCapacity" id="11" time="0.000028843" timestamp="2026-02-23T12:41:32.960930006Z" hostname="localhost" tests="2" failures="0" errors="0" skipped="0"><properties/><testcase name="works for spaceAtBottom=False" classname="DoubleBuffer/checkEnsureCapacity" time="0.000010934"/><testcase name="works for spaceAtBottom=True" classname="DoubleBuffer/checkEnsureCapacity" time="0.000017909"/></testsuite><testsuite name="DoubleBuffer/getEvensOrOdds" package="DoubleBuffer/getEvensOrOdds" id="12" time="0.000185968" timestamp="2026-02-23T12:41:32.960930006Z" hostname="localhost" tests="4" failures="0" errors="0" skipped="0"><properties/><testcase name="works for odds=True spaceAtBottom=True" classname="DoubleBuffer/getEvensOrOdds" time="0.000037240"/><testcase name="works for odds=True spaceAtBottom=False" classname="DoubleBuffer/getEvensOrOdds" time="0.000046125"/><testcase name="works for odds=False spaceAtBottom=True" classname="DoubleBuffer/getEvensOrOdds" time="0.000040654"/><testcase name="works for odds=False spaceAtBottom=False" classname="DoubleBuffer/getEvensOrOdds" time="0.000061949"/></testsuite><testsuite name="HyperLogLog/HyperLogLog Sketch" package="HyperLogLog/HyperLogLog Sketch" id="13" time="0.006718767" timestamp="2026-02-23T12:41:32.960930006Z" hostname="localhost" tests="9" failures="0" errors="0" skipped="0"><properties/><testcase name="precision is reported correctly" classname="HyperLogLog/HyperLogLog Sketch" time="0.001133063"/><testcase name="merge with overlapping items gives correct estimate" classname="HyperLogLog/HyperLogLog Sketch" time="0.000934288"/><testcase name="merge combines two sketches" classname="HyperLogLog/HyperLogLog Sketch" time="0.001152675"/><testcase name="duplicate items don&#39;t increase estimate" classname="HyperLogLog/HyperLogLog Sketch" time="0.000185728"/><testcase name="10000 distinct items estimates approximately 10000" classname="HyperLogLog/HyperLogLog Sketch" time="0.001562121"/><testcase name="1000 distinct items estimates approximately 1000" classname="HyperLogLog/HyperLogLog Sketch" time="0.001050668"/><testcase name="100 distinct items estimates approximately 100" classname="HyperLogLog/HyperLogLog Sketch" time="0.000173380"/><testcase name="single item estimates ~1" classname="HyperLogLog/HyperLogLog Sketch" time="0.000166170"/><testcase name="empty sketch estimates 0" classname="HyperLogLog/HyperLogLog Sketch" time="0.000360674"/></testsuite><testsuite name="KLL/KLL Sketch" package="KLL/KLL Sketch" id="14" time="0.018522579" timestamp="2026-02-23T12:41:32.960930006Z" hostname="localhost" tests="15" failures="0" errors="0" skipped="0"><properties/><testcase name="PMF sums approximately to 1" classname="KLL/KLL Sketch" time="0.000120932"/><testcase name="CDF returns Just for non-empty sketch" classname="KLL/KLL Sketch" time="0.000108088"/><testcase name="large insert triggers compaction" classname="KLL/KLL Sketch" time="0.013979596"/><testcase name="merge with empty sketch is identity" classname="KLL/KLL Sketch" time="0.000048785"/><testcase name="merge combines two sketches correctly" classname="KLL/KLL Sketch" time="0.000182615"/><testcase name="median of sequential data is approximately correct" classname="KLL/KLL Sketch" time="0.001778208"/><testcase name="rank is monotonically non-decreasing" classname="KLL/KLL Sketch" time="0.000388151"/><testcase name="quantile 1 returns maximum" classname="KLL/KLL Sketch" time="0.000075443"/><testcase name="quantile 0 returns minimum" classname="KLL/KLL Sketch" time="0.000090247"/><testcase name="sequential insert produces correct count" classname="KLL/KLL Sketch" time="0.001543877"/><testcase name="ignores NaN values" classname="KLL/KLL Sketch" time="0.000028628"/><testcase name="tracks min and max correctly" classname="KLL/KLL Sketch" time="0.000051340"/><testcase name="single element sketch returns the element for all quantiles" classname="KLL/KLL Sketch" time="0.000061773"/><testcase name="empty sketch returns True for null" classname="KLL/KLL Sketch" time="0.000029502"/><testcase name="empty sketch returns NaN for quantile" classname="KLL/KLL Sketch" time="0.000035394"/></testsuite><testsuite name="ProofCheck" package="ProofCheck" id="15" time="0.012632485" timestamp="2026-02-23T12:41:32.960930006Z" hostname="localhost" tests="1" failures="0" errors="0" skipped="0"><properties/><testcase name="quantile ranks should fall within advertised upper and lower bounds" classname="ProofCheck" time="0.012632485"/></testsuite><testsuite name="RelativeErrorQuantile" package="RelativeErrorQuantile" id="16" time="0.040747853" timestamp="2026-02-23T12:41:32.960930006Z" hostname="localhost" tests="10" failures="0" errors="0" skipped="0"><properties/><testcase name="merge works" classname="RelativeErrorQuantile" time="0.000796325"/><testcase name="k=6 min=1 max=200 hra=LowRanksAreAccurate up=True" classname="RelativeErrorQuantile" time="0.001035350"/><testcase name="k=6 min=1 max=200 hra=HighRanksAreAccurate up=False" classname="RelativeErrorQuantile" time="0.001539859"/><testcase name="k=6 min=1 max=200 hra=LowRanksAreAccurate up=True" classname="RelativeErrorQuantile" time="0.001322581"/><testcase name="k=6 min=1 max=200 hra=HighRanksAreAccurate up=True" classname="RelativeErrorQuantile" time="0.001509362"/><testcase name="lots of repeat values should work" classname="RelativeErrorQuantile" time="0.032757216"/><testcase name="big merge doesn&#39;t explode" classname="RelativeErrorQuantile" time="0.001544407"/><testcase name="non finite rank should throw" classname="RelativeErrorQuantile" time="0.000132847"/><testcase name="updating a sketch with NaN should ignore it" classname="RelativeErrorQuantile" time="0.000038772"/><testcase name="non finite PMF/CDF should throw" classname="RelativeErrorQuantile" time="0.000071134"/></testsuite><testsuite name="RelativeErrorQuantile/property tests" package="RelativeErrorQuantile/property tests" id="17" time="0.000027300" timestamp="2026-02-23T12:41:32.960930006Z" hostname="localhost" tests="2" failures="0" errors="0" skipped="0"><properties/><testcase name="merging N ReqSketches is equivalent +/- ε to inserting the same values into 1 ReqSketch" classname="RelativeErrorQuantile/property tests" time="0.000011432"/><testcase name="ReqSketch quantile estimates are within ε bounds compared to real quantile calculations" classname="RelativeErrorQuantile/property tests" time="0.000015868"/></testsuite><testsuite name="RelativeErrorQuantile/quantiles" package="RelativeErrorQuantile/quantiles" id="18" time="0.000066503" timestamp="2026-02-23T12:41:32.960930006Z" hostname="localhost" tests="1" failures="0" errors="0" skipped="0"><properties/><testcase name="should be reasonable" classname="RelativeErrorQuantile/quantiles" time="0.000066503"/></testsuite><testsuite name="RelativeErrorQuantile/simple test/&lt;" package="RelativeErrorQuantile/simple test/&lt;" id="19" time="0.000151139" timestamp="2026-02-23T12:41:32.960930006Z" hostname="localhost" tests="2" failures="0" errors="0" skipped="0"><properties/><testcase name="mapM rank should match ranks behaviour" classname="RelativeErrorQuantile/simple test/&lt;" time="0.000083265"/><testcase name="ranks function should match lessThanRs" classname="RelativeErrorQuantile/simple test/&lt;" time="0.000067874"/></testsuite><testsuite name="RelativeErrorQuantile/simple test/&lt;=" package="RelativeErrorQuantile/simple test/&lt;=" id="20" time="0.000197641" timestamp="2026-02-23T12:41:32.960930006Z" hostname="localhost" tests="2" failures="0" errors="0" skipped="0"><properties/><testcase name="mapM rank should match ranks behaviour" classname="RelativeErrorQuantile/simple test/&lt;=" time="0.000066963"/><testcase name="ranks function should match lessThanRs" classname="RelativeErrorQuantile/simple test/&lt;=" time="0.000130678"/></testsuite><testsuite name="Theta/Theta Sketch" package="Theta/Theta Sketch" id="21" time="0.072481708" timestamp="2026-02-23T12:41:32.960930006Z" hostname="localhost" tests="6" failures="0" errors="0" skipped="0"><properties/><testcase name="10000 items with smaller k estimates approximately" classname="Theta/Theta Sketch" time="0.052689937"/><testcase name="1000 distinct items estimates approximately 1000" classname="Theta/Theta Sketch" time="0.019141118"/><testcase name="duplicate items don&#39;t increase estimate" classname="Theta/Theta Sketch" time="0.000164759"/><testcase name="exact mode for small cardinality" classname="Theta/Theta Sketch" time="0.000454308"/><testcase name="single item estimates 1" classname="Theta/Theta Sketch" time="0.000013200"/><testcase name="empty sketch estimates 0" classname="Theta/Theta Sketch" time="0.000018386"/></testsuite><testsuite name="Theta/Theta Sketch/difference" package="Theta/Theta Sketch/difference" id="22" time="0.003675210" timestamp="2026-02-23T12:41:32.960930006Z" hostname="localhost" tests="2" failures="0" errors="0" skipped="0"><properties/><testcase name="difference with empty B returns A" classname="Theta/Theta Sketch/difference" time="0.000601612"/><testcase name="difference removes overlapping items" classname="Theta/Theta Sketch/difference" time="0.003073598"/></testsuite><testsuite name="Theta/Theta Sketch/intersection" package="Theta/Theta Sketch/intersection" id="23" time="0.004673570" timestamp="2026-02-23T12:41:32.960930006Z" hostname="localhost" tests="3" failures="0" errors="0" skipped="0"><properties/><testcase name="intersection with empty sketch is 0" classname="Theta/Theta Sketch/intersection" time="0.000494510"/><testcase name="intersection of disjoint sets is ~0" classname="Theta/Theta Sketch/intersection" time="0.000847064"/><testcase name="intersection of overlapping sets" classname="Theta/Theta Sketch/intersection" time="0.003331996"/></testsuite><testsuite name="Theta/Theta Sketch/union" package="Theta/Theta Sketch/union" id="24" time="0.029338432" timestamp="2026-02-23T12:41:32.960930006Z" hostname="localhost" tests="2" failures="0" errors="0" skipped="0"><properties/><testcase name="union with empty sketch" classname="Theta/Theta Sketch/union" time="0.000714471"/><testcase name="union of disjoint sets" classname="Theta/Theta Sketch/union" time="0.028623961"/></testsuite></testsuites>