<testsuites name="data-sketches"><testsuite name="Auxiliary" package="Auxiliary" id="0" time="0.000194749" timestamp="2026-02-23T16:10:28.319903264Z" hostname="localhost" tests="2" failures="0" errors="0" skipped="0"><properties/><testcase name="mergeSortIn works. hra=LowRanksAreAccurate" classname="Auxiliary" time="0.000056079"/><testcase name="mergeSortIn works. hra=HighRanksAreAccurate" classname="Auxiliary" time="0.000138670"/></testsuite><testsuite name="BugFix/Bug fix: growUntil in merge didn&#39;t loop" package="BugFix/Bug fix: growUntil in merge didn&#39;t loop" id="1" time="0.035249761" timestamp="2026-02-23T16:10:28.319903264Z" hostname="localhost" tests="2" failures="0" errors="0" skipped="0"><properties/><testcase name="merge sketch with 4+ levels into 1-level sketch" classname="BugFix/Bug fix: growUntil in merge didn&#39;t loop" time="0.025608331"/><testcase name="merge into empty sketch preserves count from multi-level source" classname="BugFix/Bug fix: growUntil in merge didn&#39;t loop" time="0.009641430"/></testsuite><testsuite name="BugFix/Bug fix: max value comparison inverted in merge" package="BugFix/Bug fix: max value comparison inverted in merge" id="2" time="0.001326303" timestamp="2026-02-23T16:10:28.319903264Z" hostname="localhost" tests="3" failures="0" errors="0" skipped="0"><properties/><testcase name="merge with bug would have produced wrong max (both directions)" classname="BugFix/Bug fix: max value comparison inverted in merge" time="0.000128224"/><testcase name="merge does NOT update maximum when other has smaller max" classname="BugFix/Bug fix: max value comparison inverted in merge" time="0.000605224"/><testcase name="merge updates maximum when other has larger max" classname="BugFix/Bug fix: max value comparison inverted in merge" time="0.000592855"/></testsuite><testsuite name="BugFix/Bug fix: off-by-one in getCountWithCriterion (spaceAtBottom=False)" package="BugFix/Bug fix: off-by-one in getCountWithCriterion (spaceAtBottom=False)" id="3" time="0.000388432" timestamp="2026-02-23T16:10:28.319903264Z" hostname="localhost" tests="6" failures="0" errors="0" skipped="0"><properties/><testcase name="ranks are correct for known values with LowRanksAreAccurate" classname="BugFix/Bug fix: off-by-one in getCountWithCriterion (spaceAtBottom=False)" time="0.000085152"/><testcase name="rank of value below min is 0 with LowRanksAreAccurate" classname="BugFix/Bug fix: off-by-one in getCountWithCriterion (spaceAtBottom=False)" time="0.000097165"/><testcase name="rank of value above max is correct with LowRanksAreAccurate" classname="BugFix/Bug fix: off-by-one in getCountWithCriterion (spaceAtBottom=False)" time="0.000138571"/><testcase name="getCountWithCriterion at lower boundary (spaceAtBottom=False)" classname="BugFix/Bug fix: off-by-one in getCountWithCriterion (spaceAtBottom=False)" time="0.000027830"/><testcase name="getCountWithCriterion at upper boundary (spaceAtBottom=False)" classname="BugFix/Bug fix: off-by-one in getCountWithCriterion (spaceAtBottom=False)" time="0.000023191"/><testcase name="getCountWithCriterion reads only within active region (spaceAtBottom=False)" classname="BugFix/Bug fix: off-by-one in getCountWithCriterion (spaceAtBottom=False)" time="0.000016523"/></testsuite><testsuite name="Compactor" package="Compactor" id="4" time="0.000007935" timestamp="2026-02-23T16:10:28.319903264Z" hostname="localhost" tests="1" failures="0" errors="0" skipped="0"><properties/><testcase name="nearestEven behaves as expected" classname="Compactor" time="0.000007935"/></testsuite><testsuite name="CountMin/Count-Min Sketch" package="CountMin/Count-Min Sketch" id="5" time="0.000738675" timestamp="2026-02-23T16:10:28.319903264Z" hostname="localhost" tests="9" failures="0" errors="0" skipped="0"><properties/><testcase name="dimensions match epsilon and delta" classname="CountMin/Count-Min Sketch" time="0.000056767"/><testcase name="merge combines two sketches" classname="CountMin/Count-Min Sketch" time="0.000063110"/><testcase name="heavy hitter detection" classname="CountMin/Count-Min Sketch" time="0.000064015"/><testcase name="unseen items may return small positive values" classname="CountMin/Count-Min Sketch" time="0.000454215"/><testcase name="never undercounts" classname="CountMin/Count-Min Sketch" time="0.000037081"/><testcase name="insertN works correctly" classname="CountMin/Count-Min Sketch" time="0.000016687"/><testcase name="multiple inserts of same item are counted" classname="CountMin/Count-Min Sketch" time="0.000014535"/><testcase name="single insert returns at least 1" classname="CountMin/Count-Min Sketch" time="0.000021695"/><testcase name="empty sketch returns 0 for any item" classname="CountMin/Count-Min Sketch" time="0.000010570"/></testsuite><testsuite name="CrossValidation/KLL Sketch cross-validation with Java" package="CrossValidation/KLL Sketch cross-validation with Java" id="6" time="14.505675765" timestamp="2026-02-23T16:10:28.319903264Z" hostname="localhost" tests="3" failures="0" errors="0" skipped="0"><properties/><testcase name="KLL: estimation mode ranks are both valid approximations (k=200, 500 items)" classname="CrossValidation/KLL Sketch cross-validation with Java" time="5.425587803"/><testcase name="KLL: exact mode ranks match Java exactly (k=200, few items)" classname="CrossValidation/KLL Sketch cross-validation with Java" time="4.575637495"/><testcase name="KLL: exact mode count/min/max match Java exactly" classname="CrossValidation/KLL Sketch cross-validation with Java" time="4.504450467"/></testsuite><testsuite name="CrossValidation/REQ Sketch cross-validation with Java" package="CrossValidation/REQ Sketch cross-validation with Java" id="7" time="17.522399824" timestamp="2026-02-23T16:10:28.319903264Z" hostname="localhost" tests="4" failures="0" errors="0" skipped="0"><properties/><testcase name="REQ: estimation mode ranks are both valid approximations (k=6, 200 items)" classname="CrossValidation/REQ Sketch cross-validation with Java" time="4.686265592"/><testcase name="REQ: exact mode ranks match Java exactly (LowRanksAreAccurate, &lt;)" classname="CrossValidation/REQ Sketch cross-validation with Java" time="4.469210156"/><testcase name="REQ: exact mode ranks match Java exactly (HighRanksAreAccurate, &lt;)" classname="CrossValidation/REQ Sketch cross-validation with Java" time="4.345885062"/><testcase name="REQ: exact mode count/min/max match Java (HighRanksAreAccurate)" classname="CrossValidation/REQ Sketch cross-validation with Java" time="4.021039014"/></testsuite><testsuite name="DoubleBuffer/Merge Sort" package="DoubleBuffer/Merge Sort" id="8" time="0.000399894" timestamp="2026-02-23T16:10:28.319903264Z" hostname="localhost" tests="2" failures="0" errors="0" skipped="0"><properties/><testcase name="works downwards" classname="DoubleBuffer/Merge Sort" time="0.000202439"/><testcase name="works upwards" classname="DoubleBuffer/Merge Sort" time="0.000197455"/></testsuite><testsuite name="DoubleBuffer/checkAppendAndSpaceTop" package="DoubleBuffer/checkAppendAndSpaceTop" id="9" time="0.000023659" timestamp="2026-02-23T16:10:28.319903264Z" hostname="localhost" tests="2" failures="0" errors="0" skipped="0"><properties/><testcase name="works for spaceAtBottom=False" classname="DoubleBuffer/checkAppendAndSpaceTop" time="0.000006051"/><testcase name="works for spaceAtBottom=True" classname="DoubleBuffer/checkAppendAndSpaceTop" time="0.000017608"/></testsuite><testsuite name="DoubleBuffer/checkCountLessThanImpl" package="DoubleBuffer/checkCountLessThanImpl" id="10" time="0.000109797" timestamp="2026-02-23T16:10:28.319903264Z" hostname="localhost" tests="2" failures="0" errors="0" skipped="0"><properties/><testcase name="works for spaceAtBottom=False" classname="DoubleBuffer/checkCountLessThanImpl" time="0.000046901"/><testcase name="works for spaceAtBottom=True" classname="DoubleBuffer/checkCountLessThanImpl" time="0.000062896"/></testsuite><testsuite name="DoubleBuffer/checkEnsureCapacity" package="DoubleBuffer/checkEnsureCapacity" id="11" time="0.000015998" timestamp="2026-02-23T16:10:28.319903264Z" hostname="localhost" tests="2" failures="0" errors="0" skipped="0"><properties/><testcase name="works for spaceAtBottom=False" classname="DoubleBuffer/checkEnsureCapacity" time="0.000007423"/><testcase name="works for spaceAtBottom=True" classname="DoubleBuffer/checkEnsureCapacity" time="0.000008575"/></testsuite><testsuite name="DoubleBuffer/getEvensOrOdds" package="DoubleBuffer/getEvensOrOdds" id="12" time="0.000163233" timestamp="2026-02-23T16:10:28.319903264Z" hostname="localhost" tests="4" failures="0" errors="0" skipped="0"><properties/><testcase name="works for odds=True spaceAtBottom=True" classname="DoubleBuffer/getEvensOrOdds" time="0.000020389"/><testcase name="works for odds=True spaceAtBottom=False" classname="DoubleBuffer/getEvensOrOdds" time="0.000047647"/><testcase name="works for odds=False spaceAtBottom=True" classname="DoubleBuffer/getEvensOrOdds" time="0.000022896"/><testcase name="works for odds=False spaceAtBottom=False" classname="DoubleBuffer/getEvensOrOdds" time="0.000072301"/></testsuite><testsuite name="HyperLogLog/HyperLogLog Sketch" package="HyperLogLog/HyperLogLog Sketch" id="13" time="0.000977407" timestamp="2026-02-23T16:10:28.319903264Z" hostname="localhost" tests="9" failures="0" errors="0" skipped="0"><properties/><testcase name="precision is reported correctly" classname="HyperLogLog/HyperLogLog Sketch" time="0.000002315"/><testcase name="merge with overlapping items gives correct estimate" classname="HyperLogLog/HyperLogLog Sketch" time="0.000062847"/><testcase name="merge combines two sketches" classname="HyperLogLog/HyperLogLog Sketch" time="0.000048374"/><testcase name="duplicate items don&#39;t increase estimate" classname="HyperLogLog/HyperLogLog Sketch" time="0.000046581"/><testcase name="10000 distinct items estimates approximately 10000" classname="HyperLogLog/HyperLogLog Sketch" time="0.000505337"/><testcase name="1000 distinct items estimates approximately 1000" classname="HyperLogLog/HyperLogLog Sketch" time="0.000147833"/><testcase name="100 distinct items estimates approximately 100" classname="HyperLogLog/HyperLogLog Sketch" time="0.000028296"/><testcase name="single item estimates ~1" classname="HyperLogLog/HyperLogLog Sketch" time="0.000081147"/><testcase name="empty sketch estimates 0" classname="HyperLogLog/HyperLogLog Sketch" time="0.000054677"/></testsuite><testsuite name="KLL/KLL Sketch" package="KLL/KLL Sketch" id="14" time="0.000871818" timestamp="2026-02-23T16:10:28.319903264Z" hostname="localhost" tests="15" failures="0" errors="0" skipped="0"><properties/><testcase name="PMF sums approximately to 1" classname="KLL/KLL Sketch" time="0.000006313"/><testcase name="CDF returns Just for non-empty sketch" classname="KLL/KLL Sketch" time="0.000005328"/><testcase name="large insert triggers compaction" classname="KLL/KLL Sketch" time="0.000586157"/><testcase name="merge with empty sketch is identity" classname="KLL/KLL Sketch" time="0.000005636"/><testcase name="merge combines two sketches correctly" classname="KLL/KLL Sketch" time="0.000015143"/><testcase name="median of sequential data is approximately correct" classname="KLL/KLL Sketch" time="0.000083013"/><testcase name="rank is monotonically non-decreasing" classname="KLL/KLL Sketch" time="0.000016992"/><testcase name="quantile 1 returns maximum" classname="KLL/KLL Sketch" time="0.000009766"/><testcase name="quantile 0 returns minimum" classname="KLL/KLL Sketch" time="0.000035653"/><testcase name="sequential insert produces correct count" classname="KLL/KLL Sketch" time="0.000045400"/><testcase name="ignores NaN values" classname="KLL/KLL Sketch" time="0.000014304"/><testcase name="tracks min and max correctly" classname="KLL/KLL Sketch" time="0.000003934"/><testcase name="single element sketch returns the element for all quantiles" classname="KLL/KLL Sketch" time="0.000009398"/><testcase name="empty sketch returns True for null" classname="KLL/KLL Sketch" time="0.000013993"/><testcase name="empty sketch returns NaN for quantile" classname="KLL/KLL Sketch" time="0.000020788"/></testsuite><testsuite name="ProofCheck" package="ProofCheck" id="15" time="0.011627260" timestamp="2026-02-23T16:10:28.319903264Z" hostname="localhost" tests="1" failures="0" errors="0" skipped="0"><properties/><testcase name="quantile ranks should fall within advertised upper and lower bounds" classname="ProofCheck" time="0.011627260"/></testsuite><testsuite name="RelativeErrorQuantile" package="RelativeErrorQuantile" id="16" time="0.050193895" timestamp="2026-02-23T16:10:28.319903264Z" hostname="localhost" tests="10" failures="0" errors="0" skipped="0"><properties/><testcase name="merge works" classname="RelativeErrorQuantile" time="0.000522160"/><testcase name="k=6 min=1 max=200 hra=LowRanksAreAccurate up=True" classname="RelativeErrorQuantile" time="0.000984394"/><testcase name="k=6 min=1 max=200 hra=HighRanksAreAccurate up=False" classname="RelativeErrorQuantile" time="0.001172745"/><testcase name="k=6 min=1 max=200 hra=LowRanksAreAccurate up=True" classname="RelativeErrorQuantile" time="0.001462102"/><testcase name="k=6 min=1 max=200 hra=HighRanksAreAccurate up=True" classname="RelativeErrorQuantile" time="0.002297951"/><testcase name="lots of repeat values should work" classname="RelativeErrorQuantile" time="0.042100012"/><testcase name="big merge doesn&#39;t explode" classname="RelativeErrorQuantile" time="0.001512582"/><testcase name="non finite rank should throw" classname="RelativeErrorQuantile" time="0.000054177"/><testcase name="updating a sketch with NaN should ignore it" classname="RelativeErrorQuantile" time="0.000035353"/><testcase name="non finite PMF/CDF should throw" classname="RelativeErrorQuantile" time="0.000052419"/></testsuite><testsuite name="RelativeErrorQuantile/property tests" package="RelativeErrorQuantile/property tests" id="17" time="0.000026422" timestamp="2026-02-23T16:10:28.319903264Z" hostname="localhost" tests="2" failures="0" errors="0" skipped="0"><properties/><testcase name="merging N ReqSketches is equivalent +/- ε to inserting the same values into 1 ReqSketch" classname="RelativeErrorQuantile/property tests" time="0.000015117"/><testcase name="ReqSketch quantile estimates are within ε bounds compared to real quantile calculations" classname="RelativeErrorQuantile/property tests" time="0.000011305"/></testsuite><testsuite name="RelativeErrorQuantile/quantiles" package="RelativeErrorQuantile/quantiles" id="18" time="0.000039699" timestamp="2026-02-23T16:10:28.319903264Z" hostname="localhost" tests="1" failures="0" errors="0" skipped="0"><properties/><testcase name="should be reasonable" classname="RelativeErrorQuantile/quantiles" time="0.000039699"/></testsuite><testsuite name="RelativeErrorQuantile/simple test/&lt;" package="RelativeErrorQuantile/simple test/&lt;" id="19" time="0.000180096" timestamp="2026-02-23T16:10:28.319903264Z" hostname="localhost" tests="2" failures="0" errors="0" skipped="0"><properties/><testcase name="mapM rank should match ranks behaviour" classname="RelativeErrorQuantile/simple test/&lt;" time="0.000071629"/><testcase name="ranks function should match lessThanRs" classname="RelativeErrorQuantile/simple test/&lt;" time="0.000108467"/></testsuite><testsuite name="RelativeErrorQuantile/simple test/&lt;=" package="RelativeErrorQuantile/simple test/&lt;=" id="20" time="0.000180280" timestamp="2026-02-23T16:10:28.319903264Z" hostname="localhost" tests="2" failures="0" errors="0" skipped="0"><properties/><testcase name="mapM rank should match ranks behaviour" classname="RelativeErrorQuantile/simple test/&lt;=" time="0.000080209"/><testcase name="ranks function should match lessThanRs" classname="RelativeErrorQuantile/simple test/&lt;=" time="0.000100071"/></testsuite><testsuite name="Theta/Theta Sketch" package="Theta/Theta Sketch" id="21" time="0.000520546" timestamp="2026-02-23T16:10:28.319903264Z" hostname="localhost" tests="6" failures="0" errors="0" skipped="0"><properties/><testcase name="10000 items with smaller k estimates approximately" classname="Theta/Theta Sketch" time="0.000322519"/><testcase name="1000 distinct items estimates approximately 1000" classname="Theta/Theta Sketch" time="0.000110506"/><testcase name="duplicate items don&#39;t increase estimate" classname="Theta/Theta Sketch" time="0.000020400"/><testcase name="exact mode for small cardinality" classname="Theta/Theta Sketch" time="0.000017521"/><testcase name="single item estimates 1" classname="Theta/Theta Sketch" time="0.000002412"/><testcase name="empty sketch estimates 0" classname="Theta/Theta Sketch" time="0.000047188"/></testsuite><testsuite name="Theta/Theta Sketch/difference" package="Theta/Theta Sketch/difference" id="22" time="0.000099068" timestamp="2026-02-23T16:10:28.319903264Z" hostname="localhost" tests="2" failures="0" errors="0" skipped="0"><properties/><testcase name="difference with empty B returns A" classname="Theta/Theta Sketch/difference" time="0.000029352"/><testcase name="difference removes overlapping items" classname="Theta/Theta Sketch/difference" time="0.000069716"/></testsuite><testsuite name="Theta/Theta Sketch/intersection" package="Theta/Theta Sketch/intersection" id="23" time="0.000129690" timestamp="2026-02-23T16:10:28.319903264Z" hostname="localhost" tests="3" failures="0" errors="0" skipped="0"><properties/><testcase name="intersection with empty sketch is 0" classname="Theta/Theta Sketch/intersection" time="0.000033843"/><testcase name="intersection of disjoint sets is ~0" classname="Theta/Theta Sketch/intersection" time="0.000043273"/><testcase name="intersection of overlapping sets" classname="Theta/Theta Sketch/intersection" time="0.000052574"/></testsuite><testsuite name="Theta/Theta Sketch/union" package="Theta/Theta Sketch/union" id="24" time="0.000173513" timestamp="2026-02-23T16:10:28.319903264Z" hostname="localhost" tests="2" failures="0" errors="0" skipped="0"><properties/><testcase name="union with empty sketch" classname="Theta/Theta Sketch/union" time="0.000035272"/><testcase name="union of disjoint sets" classname="Theta/Theta Sketch/union" time="0.000138241"/></testsuite></testsuites>